Flow report for MIPS_processor_32bit
Tue Aug 27 10:11:41 2024
Quartus Prime Version 20.1.1 Build 720 11/11/2020 SJ Lite Edition


---------------------
; Table of Contents ;
---------------------
  1. Legal Notice
  2. Flow Summary
  3. Flow Settings
  4. Flow Non-Default Global Settings
  5. Flow Elapsed Time
  6. Flow OS Summary
  7. Flow Log
  8. Flow Messages
  9. Flow Suppressed Messages



----------------
; Legal Notice ;
----------------
Copyright (C) 2020  Intel Corporation. All rights reserved.
Your use of Intel Corporation's design tools, logic functions 
and other software and tools, and any partner logic 
functions, and any output files from any of the foregoing 
(including device programming or simulation files), and any 
associated documentation or information are expressly subject 
to the terms and conditions of the Intel Program License 
Subscription Agreement, the Intel Quartus Prime License Agreement,
the Intel FPGA IP License Agreement, or other applicable license
agreement, including, without limitation, that your use is for
the sole purpose of programming logic devices manufactured by
Intel and sold by Intel or its authorized distributors.  Please
refer to the applicable agreement for further details, at
https://fpgasoftware.intel.com/eula.



+---------------------------------------------------------------------+
; Flow Summary                                                        ;
+-----------------------+---------------------------------------------+
; Flow Status           ; Successful - Tue Aug 27 10:11:41 2024       ;
; Quartus Prime Version ; 20.1.1 Build 720 11/11/2020 SJ Lite Edition ;
; Revision Name         ; MIPS_processor_32bit                        ;
; Top-level Entity Name ; MIPS32_pipe                                 ;
; Family                ; MAX V                                       ;
; Total logic elements  ; 0 / 40 ( 0 % )                              ;
; Total pins            ; 2 / 30 ( 7 % )                              ;
; Total virtual pins    ; 0                                           ;
; UFM blocks            ; 0 / 1 ( 0 % )                               ;
; Device                ; 5M40ZM64C4                                  ;
; Timing Models         ; Final                                       ;
+-----------------------+---------------------------------------------+


+------------------------------------------+
; Flow Settings                            ;
+-------------------+----------------------+
; Option            ; Setting              ;
+-------------------+----------------------+
; Start date & time ; 08/27/2024 10:11:05  ;
; Main task         ; Compilation          ;
; Revision Name     ; MIPS_processor_32bit ;
+-------------------+----------------------+


+-------------------------------------------------------------------------------------------------------------+
; Flow Non-Default Global Settings                                                                            ;
+--------------------------+--------------------------------+----------------------+-------------+------------+
; Assignment Name          ; Value                          ; Default Value        ; Entity Name ; Section Id ;
+--------------------------+--------------------------------+----------------------+-------------+------------+
; COMPILER_SIGNATURE_ID    ; 90548206418081.172473366508412 ; --                   ; --          ; --         ;
; PROJECT_OUTPUT_DIRECTORY ; output_files                   ; --                   ; --          ; --         ;
; TOP_LEVEL_ENTITY         ; MIPS32_pipe                    ; MIPS_processor_32bit ; --          ; --         ;
+--------------------------+--------------------------------+----------------------+-------------+------------+


+--------------------------------------------------------------------------------------------------------------------------+
; Flow Elapsed Time                                                                                                        ;
+----------------------+--------------+-------------------------+---------------------+------------------------------------+
; Module Name          ; Elapsed Time ; Average Processors Used ; Peak Virtual Memory ; Total CPU Time (on all processors) ;
+----------------------+--------------+-------------------------+---------------------+------------------------------------+
; Analysis & Synthesis ; 00:00:06     ; 1.0                     ; 4714 MB             ; 00:00:08                           ;
; Fitter               ; 00:00:02     ; 1.0                     ; 6080 MB             ; 00:00:00                           ;
; Assembler            ; 00:00:01     ; 1.0                     ; 4664 MB             ; 00:00:00                           ;
; Timing Analyzer      ; 00:00:00     ; 1.0                     ; 4645 MB             ; 00:00:00                           ;
; Total                ; 00:00:09     ; --                      ; --                  ; 00:00:08                           ;
+----------------------+--------------+-------------------------+---------------------+------------------------------------+


+------------------------------------------------------------------------------------+
; Flow OS Summary                                                                    ;
+----------------------+------------------+------------+------------+----------------+
; Module Name          ; Machine Hostname ; OS Name    ; OS Version ; Processor type ;
+----------------------+------------------+------------+------------+----------------+
; Analysis & Synthesis ; Tania            ; Windows 10 ; 10.0       ; x86_64         ;
; Fitter               ; Tania            ; Windows 10 ; 10.0       ; x86_64         ;
; Assembler            ; Tania            ; Windows 10 ; 10.0       ; x86_64         ;
; Timing Analyzer      ; Tania            ; Windows 10 ; 10.0       ; x86_64         ;
+----------------------+------------------+------------+------------+----------------+


------------
; Flow Log ;
------------
quartus_map --read_settings_files=on --write_settings_files=off MIPS_processor_32bit -c MIPS_processor_32bit
quartus_fit --read_settings_files=off --write_settings_files=off MIPS_processor_32bit -c MIPS_processor_32bit
quartus_asm --read_settings_files=off --write_settings_files=off MIPS_processor_32bit -c MIPS_processor_32bit
quartus_sta MIPS_processor_32bit -c MIPS_processor_32bit
quartus_eda --read_settings_files=on --write_settings_files=off MIPS_processor_32bit -c MIPS_processor_32bit



